  main.cpp
C:\Users\kacja\Documents\GitHub\Projekt-C-\Understeer\Understeer\Understeer\main.cpp(307,91): warning C4244: "argument": konwersja z "T" do "T", możliwa utrata danych
          with
          [
              T=unsigned int
          ]
          and
          [
              T=float
          ]
C:\Users\kacja\Documents\GitHub\Projekt-C-\Understeer\Understeer\Understeer\main.cpp(307,71): warning C4244: "argument": konwersja z "T" do "T", możliwa utrata danych
          with
          [
              T=unsigned int
          ]
          and
          [
              T=float
          ]
  Understeer.vcxproj -> C:\Users\kacja\Documents\GitHub\Projekt-C-\Understeer\Understeer\x64\Debug\Understeer.exe
